2017-07-28 15:25:13 012 pool-1-thread-1 DEBUG com.invoker.ProtocolReaderInvoker.invoke (ProtocolReaderInvoker.java:70) - 读取的长度头为：，报文为：
<?xml version="1.0" encoding="UTF-8"?><service><SYS_HEAD><SvcCd> 5</SvcCd><SvcVer>21234</SvcVer><CnsmrSeqNo>12345678901234567890</CnsmrSeqNo><TxnDt>1414100Y</TxnDt><TxnTm>123456</TxnTm><array><Ret><RetCd>89012</RetCd></Ret></array></SYS_HEAD><APP_HEAD><TlrNo>1234567890010510620 </TlrNo><array></array><array></array></APP_HEAD><BODY><BrchName>45678901234567890123456789012345678901234567890                 </BrchName></BODY></service>
2017-07-28 15:25:13 013 pool-1-thread-1 DEBUG com.invoker.ProtocolWriterInvoker.invoke (ProtocolWriterInvoker.java:65) - 写出的长度头为:255，报文为:
00000246<?xml version="1.0" encoding="UTF-8"?>
<service>
	<SYS_HEAD>
		<SvcCd>80021000001</SvcCd>
		<SvcScn>02</SvcScn>
	</SYS_HEAD>
	<APP_HEAD>
		<array>
			<Ret>
				<RetCd>000000</RetCd>
			</Ret>
		</array>
	</APP_HEAD>
	<BODY>
		
	</BODY>
</service>

2017-07-28 15:25:13 013 pool-1-thread-1 DEBUG com.frame.transaction.AbstractSystemTransaction.end (AbstractSystemTransaction.java:51) - 第32个接收的交易，所用处理时间为：1
2017-07-28 15:52:57 512 pool-1-thread-3 DEBUG com.invoker.ProtocolReaderInvoker.invoke (ProtocolReaderInvoker.java:70) - 读取的长度头为：，报文为：
<?xml version="1.0" encoding="UTF-8"?><service><SYS_HEAD><SvcCd> 5</SvcCd><SvcVer>21234</SvcVer><CnsmrSeqNo>12345678901234567890</CnsmrSeqNo><TxnDt>1414100Y</TxnDt><TxnTm>123456</TxnTm><array><Ret><RetCd>89012</RetCd></Ret></array></SYS_HEAD><APP_HEAD><TlrNo>1234567890010510620 </TlrNo><array></array><array></array></APP_HEAD><BODY><BrchName>45678901234567890123456789012345678901234567890                 </BrchName></BODY></service>
2017-07-28 15:52:57 513 pool-1-thread-3 DEBUG com.invoker.ProtocolWriterInvoker.invoke (ProtocolWriterInvoker.java:65) - 写出的长度头为:255，报文为:
00000246<?xml version="1.0" encoding="UTF-8"?>
<service>
	<SYS_HEAD>
		<SvcCd>80021000001</SvcCd>
		<SvcScn>02</SvcScn>
	</SYS_HEAD>
	<APP_HEAD>
		<array>
			<Ret>
				<RetCd>000000</RetCd>
			</Ret>
		</array>
	</APP_HEAD>
	<BODY>
		
	</BODY>
</service>

2017-07-28 15:52:57 513 pool-1-thread-3 DEBUG com.frame.transaction.AbstractSystemTransaction.end (AbstractSystemTransaction.java:51) - 第33个接收的交易，所用处理时间为：1
2017-07-28 15:57:02 326 pool-1-thread-5 DEBUG com.invoker.ProtocolReaderInvoker.invoke (ProtocolReaderInvoker.java:70) - 读取的长度头为：，报文为：
<?xml version="1.0" encoding="UTF-8"?><service><SYS_HEAD><SvcCd> 5</SvcCd><SvcVer>21234</SvcVer><CnsmrSeqNo>12345678901234567890</CnsmrSeqNo><TxnDt>1414100Y</TxnDt><TxnTm>123456</TxnTm><array><Ret><RetCd>89012</RetCd></Ret></array></SYS_HEAD><APP_HEAD><TlrNo>1234567890010510620 </TlrNo><array></array><array></array></APP_HEAD><BODY><BrchName>45678901234567890123456789012345678901234567890                 </BrchName></BODY></service>
2017-07-28 15:57:02 327 pool-1-thread-5 DEBUG com.invoker.ProtocolWriterInvoker.invoke (ProtocolWriterInvoker.java:65) - 写出的长度头为:424，报文为:
00000415<?xml version="1.0" encoding="UTF-8"?>
<service>
        <SYS_HEAD>
                <SvcCd>80021000001</SvcCd>
                <SvcScn>02</SvcScn>
		<array>
                        <Ret>
                                <RetCd>000000</RetCd>
                        </Ret>
                </array>
        </SYS_HEAD>
        <APP_HEAD>
                
        </APP_HEAD>
        <BODY>

        </BODY>
</service>

2017-07-28 15:57:02 328 pool-1-thread-5 DEBUG com.frame.transaction.AbstractSystemTransaction.end (AbstractSystemTransaction.java:51) - 第34个接收的交易，所用处理时间为：2
2017-07-28 15:59:13 334 pool-1-thread-7 DEBUG com.invoker.ProtocolReaderInvoker.invoke (ProtocolReaderInvoker.java:70) - 读取的长度头为：，报文为：
<?xml version="1.0" encoding="UTF-8"?><service><SYS_HEAD><SvcCd> 5</SvcCd><SvcVer>21234</SvcVer><CnsmrSeqNo>12345678901234567890</CnsmrSeqNo><TxnDt>1414100Y</TxnDt><TxnTm>123456</TxnTm><array><Ret><RetCd>89012</RetCd></Ret></array></SYS_HEAD><APP_HEAD><TlrNo>1234567890010510620 </TlrNo><array></array><array></array></APP_HEAD><BODY><BrchName>45678901234567890123456789012345678901234567890                 </BrchName></BODY></service>
2017-07-28 15:59:13 334 pool-1-thread-7 DEBUG com.invoker.ProtocolWriterInvoker.invoke (ProtocolWriterInvoker.java:65) - 写出的长度头为:424，报文为:
00000415<?xml version="1.0" encoding="UTF-8"?>
<service>
        <SYS_HEAD>
                <SvcCd>80021000001</SvcCd>
                <SvcScn>02</SvcScn>
		<array>
                        <Ret>
                                <RetCd>000000</RetCd>
                        </Ret>
                </array>
        </SYS_HEAD>
        <APP_HEAD>
                
        </APP_HEAD>
        <BODY>

        </BODY>
</service>

2017-07-28 15:59:13 335 pool-1-thread-7 DEBUG com.frame.transaction.AbstractSystemTransaction.end (AbstractSystemTransaction.java:51) - 第35个接收的交易，所用处理时间为：2
2017-07-28 16:02:05 186 pool-1-thread-9 DEBUG com.invoker.ProtocolReaderInvoker.invoke (ProtocolReaderInvoker.java:70) - 读取的长度头为：，报文为：
<?xml version="1.0" encoding="UTF-8"?><service><SYS_HEAD><SvcCd> 5</SvcCd><SvcVer>21234</SvcVer><CnsmrSeqNo>12345678901234567890</CnsmrSeqNo><TxnDt>1414100Y</TxnDt><TxnTm>123456</TxnTm><array><Ret><RetCd>89012</RetCd></Ret></array></SYS_HEAD><APP_HEAD><TlrNo>1234567890010510620 </TlrNo><array></array><array></array></APP_HEAD><BODY><BrchName>45678901234567890123456789012345678901234567890                 </BrchName></BODY></service>
2017-07-28 16:02:05 187 pool-1-thread-9 DEBUG com.invoker.ProtocolWriterInvoker.invoke (ProtocolWriterInvoker.java:65) - 写出的长度头为:424，报文为:
00000415<?xml version="1.0" encoding="UTF-8"?>
<service>
        <SYS_HEAD>
                <SvcCd>80021000001</SvcCd>
                <SvcScn>02</SvcScn>
		<array>
                        <Ret>
                                <RetCd>000000</RetCd>
                        </Ret>
                </array>
        </SYS_HEAD>
        <APP_HEAD>
                
        </APP_HEAD>
        <BODY>

        </BODY>
</service>

2017-07-28 16:02:05 187 pool-1-thread-9 DEBUG com.frame.transaction.AbstractSystemTransaction.end (AbstractSystemTransaction.java:51) - 第36个接收的交易，所用处理时间为：1
2017-07-28 16:02:51 014 pool-1-thread-1 DEBUG com.invoker.ProtocolReaderInvoker.invoke (ProtocolReaderInvoker.java:70) - 读取的长度头为：，报文为：
<?xml version="1.0" encoding="UTF-8"?><service><SYS_HEAD><SvcCd> 5</SvcCd><SvcVer>21234</SvcVer><CnsmrSeqNo>12345678901234567890</CnsmrSeqNo><TxnDt>1414100Y</TxnDt><TxnTm>123456</TxnTm><array><Ret><RetCd>89012</RetCd></Ret></array></SYS_HEAD><APP_HEAD><TlrNo>1234567890010510620 </TlrNo><array></array><array></array></APP_HEAD><BODY><BrchName>45678901234567890123456789012345678901234567890                 </BrchName></BODY></service>
2017-07-28 16:02:51 015 pool-1-thread-1 DEBUG com.invoker.ProtocolWriterInvoker.invoke (ProtocolWriterInvoker.java:65) - 写出的长度头为:424，报文为:
00000415<?xml version="1.0" encoding="UTF-8"?>
<service>
        <SYS_HEAD>
                <SvcCd>80021000001</SvcCd>
                <SvcScn>02</SvcScn>
		<array>
                        <Ret>
                                <RetCd>000000</RetCd>
                        </Ret>
                </array>
        </SYS_HEAD>
        <APP_HEAD>
                
        </APP_HEAD>
        <BODY>

        </BODY>
</service>

2017-07-28 16:02:51 015 pool-1-thread-1 DEBUG com.frame.transaction.AbstractSystemTransaction.end (AbstractSystemTransaction.java:51) - 第37个接收的交易，所用处理时间为：1
2017-07-28 16:10:43 597 pool-1-thread-3 DEBUG com.invoker.ProtocolReaderInvoker.invoke (ProtocolReaderInvoker.java:70) - 读取的长度头为：，报文为：
<?xml version="1.0" encoding="UTF-8"?><service><SYS_HEAD><SvcCd> 5</SvcCd><SvcVer>21234</SvcVer><CnsmrSeqNo>12345678901234567890</CnsmrSeqNo><TxnDt>1414100Y</TxnDt><TxnTm>123456</TxnTm><array><Ret><RetCd>89012</RetCd></Ret></array></SYS_HEAD><APP_HEAD><TlrNo>1234567890010510620 </TlrNo><array></array><array></array></APP_HEAD><BODY><BrchName>45678901234567890123456789012345678901234567890                 </BrchName></BODY></service>
2017-07-28 16:10:43 598 pool-1-thread-3 DEBUG com.invoker.ProtocolWriterInvoker.invoke (ProtocolWriterInvoker.java:65) - 写出的长度头为:546，报文为:
00000537<?xml version="1.0" encoding="UTF-8"?>
<service>
        <SYS_HEAD>
                <SvcCd>80021000001</SvcCd>
                <SvcScn>02</SvcScn>
		<SvcVer>123</SvcVer>
		<CnsmrSeqNo>5524</CnsmrSeqNo>
		<TlrNo>888</TlrNo>
		<TxnDt>AABB</TxnDt>
		<TxnTm>CCDD</TxnTm>
		<array>
                        <Ret>
                                <RetCd>000000</RetCd>
                        </Ret>
                </array>
        </SYS_HEAD>
        <APP_HEAD>
                
        </APP_HEAD>
        <BODY>
		
        </BODY>
</service>

2017-07-28 16:10:43 598 pool-1-thread-3 DEBUG com.frame.transaction.AbstractSystemTransaction.end (AbstractSystemTransaction.java:51) - 第38个接收的交易，所用处理时间为：1
2017-07-28 16:13:14 182 pool-1-thread-5 DEBUG com.invoker.ProtocolReaderInvoker.invoke (ProtocolReaderInvoker.java:70) - 读取的长度头为：，报文为：
<?xml version="1.0" encoding="UTF-8"?><service><SYS_HEAD><SvcCd> 5</SvcCd><SvcVer>21234</SvcVer><CnsmrSeqNo>12345678901234567890</CnsmrSeqNo><TxnDt>1414100Y</TxnDt><TxnTm>123456</TxnTm><array><Ret><RetCd>89012</RetCd></Ret></array></SYS_HEAD><APP_HEAD><TlrNo>1234567890010510620 </TlrNo><array></array><array></array></APP_HEAD><BODY><BrchName>45678901234567890123456789012345678901234567890                 </BrchName></BODY></service>
2017-07-28 16:13:14 183 pool-1-thread-5 DEBUG com.invoker.ProtocolWriterInvoker.invoke (ProtocolWriterInvoker.java:65) - 写出的长度头为:546，报文为:
00000537<?xml version="1.0" encoding="UTF-8"?>
<service>
        <SYS_HEAD>
                <SvcCd>80021000001</SvcCd>
                <SvcScn>02</SvcScn>
		<SvcVer>123</SvcVer>
		<CnsmrSeqNo>5524</CnsmrSeqNo>
		<TlrNo>888</TlrNo>
		<TxnDt>AABB</TxnDt>
		<TxnTm>CCDD</TxnTm>
		<array>
                        <Ret>
                                <RetCd>000000</RetCd>
                        </Ret>
                </array>
        </SYS_HEAD>
        <APP_HEAD>
                
        </APP_HEAD>
        <BODY>
		
        </BODY>
</service>

2017-07-28 16:13:14 183 pool-1-thread-5 DEBUG com.frame.transaction.AbstractSystemTransaction.end (AbstractSystemTransaction.java:51) - 第39个接收的交易，所用处理时间为：1
2017-07-28 16:37:02 717 pool-1-thread-7 DEBUG com.invoker.ProtocolReaderInvoker.invoke (ProtocolReaderInvoker.java:70) - 读取的长度头为：，报文为：
<?xml version="1.0" encoding="UTF-8"?><service><SYS_HEAD><SvcCd> 5</SvcCd><SvcVer>21234</SvcVer><CnsmrSeqNo>12345678901234567890</CnsmrSeqNo><TxnDt>1414100Y</TxnDt><TxnTm>123456</TxnTm><array><Ret><RetCd>89012</RetCd></Ret></array></SYS_HEAD><APP_HEAD><TlrNo>1234567890010510620 </TlrNo><array></array><array></array></APP_HEAD><BODY><BrchName>45678901234567890123456789012345678901234567890                 </BrchName></BODY></service>
2017-07-28 16:37:02 717 pool-1-thread-7 DEBUG com.invoker.ProtocolWriterInvoker.invoke (ProtocolWriterInvoker.java:65) - 写出的长度头为:546，报文为:
00000537<?xml version="1.0" encoding="UTF-8"?>
<service>
        <SYS_HEAD>
                <SvcCd>80021000001</SvcCd>
                <SvcScn>02</SvcScn>
		<SvcVer>123</SvcVer>
		<CnsmrSeqNo>5524</CnsmrSeqNo>
		<TlrNo>888</TlrNo>
		<TxnDt>AABB</TxnDt>
		<TxnTm>CCDD</TxnTm>
		<array>
                        <Ret>
                                <RetCd>000000</RetCd>
                        </Ret>
                </array>
        </SYS_HEAD>
        <APP_HEAD>
                
        </APP_HEAD>
        <BODY>
		
        </BODY>
</service>

2017-07-28 16:37:02 718 pool-1-thread-7 DEBUG com.frame.transaction.AbstractSystemTransaction.end (AbstractSystemTransaction.java:51) - 第40个接收的交易，所用处理时间为：2
2017-07-28 16:46:06 647 pool-1-thread-9 DEBUG com.invoker.ProtocolReaderInvoker.invoke (ProtocolReaderInvoker.java:70) - 读取的长度头为：，报文为：
<?xml version="1.0" encoding="UTF-8"?><service><SYS_HEAD><SvcCd> 5</SvcCd><SvcVer>21234</SvcVer><CnsmrSeqNo>12345678901234567890</CnsmrSeqNo><TxnDt>1414100Y</TxnDt><TxnTm>123456</TxnTm><array><Ret><RetCd>89012</RetCd></Ret></array></SYS_HEAD><APP_HEAD><TlrNo>1234567890010510620 </TlrNo><array></array><array></array></APP_HEAD><BODY><BrchName>45678901234567890123456789012345678901234567890                 </BrchName></BODY></service>
2017-07-28 16:46:06 648 pool-1-thread-9 DEBUG com.invoker.ProtocolWriterInvoker.invoke (ProtocolWriterInvoker.java:65) - 写出的长度头为:546，报文为:
00000537<?xml version="1.0" encoding="UTF-8"?>
<service>
        <SYS_HEAD>
                <SvcCd>80021000001</SvcCd>
                <SvcScn>02</SvcScn>
		<SvcVer>123</SvcVer>
		<CnsmrSeqNo>5524</CnsmrSeqNo>
		<TlrNo>888</TlrNo>
		<TxnDt>AABB</TxnDt>
		<TxnTm>CCDD</TxnTm>
		<array>
                        <Ret>
                                <RetCd>000000</RetCd>
                        </Ret>
                </array>
        </SYS_HEAD>
        <APP_HEAD>
                
        </APP_HEAD>
        <BODY>
		
        </BODY>
</service>

2017-07-28 16:46:06 648 pool-1-thread-9 DEBUG com.frame.transaction.AbstractSystemTransaction.end (AbstractSystemTransaction.java:51) - 第41个接收的交易，所用处理时间为：1
2017-07-28 16:47:48 061 pool-1-thread-1 DEBUG com.invoker.ProtocolReaderInvoker.invoke (ProtocolReaderInvoker.java:70) - 读取的长度头为：，报文为：
<?xml version="1.0" encoding="UTF-8"?><service><SYS_HEAD><SvcCd> 5</SvcCd><SvcVer>21234</SvcVer><CnsmrSeqNo>12345678901234567890</CnsmrSeqNo><TxnDt>1414100Y</TxnDt><TxnTm>123456</TxnTm><array><Ret><RetCd>89012</RetCd></Ret></array></SYS_HEAD><APP_HEAD><TlrNo>1234567890010510620 </TlrNo><array></array><array></array></APP_HEAD><BODY><BrchName>45678901234567890123456789012345678901234567890                 </BrchName></BODY></service>
2017-07-28 16:47:48 062 pool-1-thread-1 DEBUG com.invoker.ProtocolWriterInvoker.invoke (ProtocolWriterInvoker.java:65) - 写出的长度头为:546，报文为:
00000537<?xml version="1.0" encoding="UTF-8"?>
<service>
        <SYS_HEAD>
                <SvcCd>80021000001</SvcCd>
                <SvcScn>02</SvcScn>
		<SvcVer>123</SvcVer>
		<CnsmrSeqNo>5524</CnsmrSeqNo>
		<TlrNo>888</TlrNo>
		<TxnDt>AABB</TxnDt>
		<TxnTm>CCDD</TxnTm>
		<array>
                        <Ret>
                                <RetCd>000000</RetCd>
                        </Ret>
                </array>
        </SYS_HEAD>
        <APP_HEAD>
                
        </APP_HEAD>
        <BODY>
		
        </BODY>
</service>

2017-07-28 16:47:48 062 pool-1-thread-1 DEBUG com.frame.transaction.AbstractSystemTransaction.end (AbstractSystemTransaction.java:51) - 第42个接收的交易，所用处理时间为：1
2017-07-28 16:47:55 478 pool-1-thread-2 DEBUG com.invoker.ProtocolReaderInvoker.invoke (ProtocolReaderInvoker.java:70) - 读取的长度头为：，报文为：
<?xml version="1.0" encoding="UTF-8"?><service><SYS_HEAD><SvcCd> 5</SvcCd><SvcVer>21234</SvcVer><CnsmrSeqNo>12345678901234567890</CnsmrSeqNo><TxnDt>1414100Y</TxnDt><TxnTm>123456</TxnTm><array><Ret><RetCd>89012</RetCd></Ret></array></SYS_HEAD><APP_HEAD><TlrNo>1234567890010510620 </TlrNo><array></array><array></array></APP_HEAD><BODY><BrchName>45678901234567890123456789012345678901234567890                 </BrchName></BODY></service>
2017-07-28 16:47:55 479 pool-1-thread-2 DEBUG com.invoker.ProtocolWriterInvoker.invoke (ProtocolWriterInvoker.java:65) - 写出的长度头为:546，报文为:
00000537<?xml version="1.0" encoding="UTF-8"?>
<service>
        <SYS_HEAD>
                <SvcCd>80021000001</SvcCd>
                <SvcScn>02</SvcScn>
		<SvcVer>123</SvcVer>
		<CnsmrSeqNo>5524</CnsmrSeqNo>
		<TlrNo>888</TlrNo>
		<TxnDt>AABB</TxnDt>
		<TxnTm>CCDD</TxnTm>
		<array>
                        <Ret>
                                <RetCd>000000</RetCd>
                        </Ret>
                </array>
        </SYS_HEAD>
        <APP_HEAD>
                
        </APP_HEAD>
        <BODY>
		
        </BODY>
</service>

2017-07-28 16:47:55 480 pool-1-thread-2 DEBUG com.frame.transaction.AbstractSystemTransaction.end (AbstractSystemTransaction.java:51) - 第43个接收的交易，所用处理时间为：2
2017-07-28 16:48:01 749 pool-1-thread-3 DEBUG com.invoker.ProtocolReaderInvoker.invoke (ProtocolReaderInvoker.java:70) - 读取的长度头为：，报文为：
<?xml version="1.0" encoding="UTF-8"?><service><SYS_HEAD><SvcCd> 5</SvcCd><SvcVer>21234</SvcVer><CnsmrSeqNo>12345678901234567890</CnsmrSeqNo><TxnDt>1414100Y</TxnDt><TxnTm>123456</TxnTm><array><Ret><RetCd>89012</RetCd></Ret></array></SYS_HEAD><APP_HEAD><TlrNo>1234567890010510620 </TlrNo><array></array><array></array></APP_HEAD><BODY><BrchName>45678901234567890123456789012345678901234567890                 </BrchName></BODY></service>
2017-07-28 16:48:01 750 pool-1-thread-3 DEBUG com.invoker.ProtocolWriterInvoker.invoke (ProtocolWriterInvoker.java:65) - 写出的长度头为:546，报文为:
00000537<?xml version="1.0" encoding="UTF-8"?>
<service>
        <SYS_HEAD>
                <SvcCd>80021000001</SvcCd>
                <SvcScn>02</SvcScn>
		<SvcVer>123</SvcVer>
		<CnsmrSeqNo>5524</CnsmrSeqNo>
		<TlrNo>888</TlrNo>
		<TxnDt>AABB</TxnDt>
		<TxnTm>CCDD</TxnTm>
		<array>
                        <Ret>
                                <RetCd>000000</RetCd>
                        </Ret>
                </array>
        </SYS_HEAD>
        <APP_HEAD>
                
        </APP_HEAD>
        <BODY>
		
        </BODY>
</service>

2017-07-28 16:48:01 751 pool-1-thread-3 DEBUG com.frame.transaction.AbstractSystemTransaction.end (AbstractSystemTransaction.java:51) - 第44个接收的交易，所用处理时间为：2
2017-07-28 16:52:36 757 pool-1-thread-5 DEBUG com.invoker.ProtocolReaderInvoker.invoke (ProtocolReaderInvoker.java:70) - 读取的长度头为：，报文为：
<?xml version="1.0" encoding="UTF-8"?><service><SYS_HEAD><SvcCd> 5</SvcCd><SvcVer>21234</SvcVer><CnsmrSeqNo>12345678901234567890</CnsmrSeqNo><TxnDt>1414100Y</TxnDt><TxnTm>123456</TxnTm><array><Ret><RetCd>89012</RetCd></Ret></array></SYS_HEAD><APP_HEAD><TlrNo>1234567890010510620 </TlrNo><array></array><array></array></APP_HEAD><BODY><BrchName>45678901234567890123456789012345678901234567890                 </BrchName></BODY></service>
2017-07-28 16:52:36 758 pool-1-thread-5 DEBUG com.invoker.ProtocolWriterInvoker.invoke (ProtocolWriterInvoker.java:65) - 写出的长度头为:546，报文为:
00000537<?xml version="1.0" encoding="UTF-8"?>
<service>
        <SYS_HEAD>
                <SvcCd>80021000001</SvcCd>
                <SvcScn>02</SvcScn>
		<SvcVer>123</SvcVer>
		<CnsmrSeqNo>5524</CnsmrSeqNo>
		<TlrNo>888</TlrNo>
		<TxnDt>AABB</TxnDt>
		<TxnTm>CCDD</TxnTm>
		<array>
                        <Ret>
                                <RetCd>000000</RetCd>
                        </Ret>
                </array>
        </SYS_HEAD>
        <APP_HEAD>
                
        </APP_HEAD>
        <BODY>
		
        </BODY>
</service>

2017-07-28 16:52:36 759 pool-1-thread-5 DEBUG com.frame.transaction.AbstractSystemTransaction.end (AbstractSystemTransaction.java:51) - 第45个接收的交易，所用处理时间为：2
2017-07-28 16:53:24 978 pool-1-thread-7 DEBUG com.invoker.ProtocolReaderInvoker.invoke (ProtocolReaderInvoker.java:70) - 读取的长度头为：，报文为：
<?xml version="1.0" encoding="UTF-8"?><service><SYS_HEAD><SvcCd> 5</SvcCd><SvcVer>21234</SvcVer><CnsmrSeqNo>12345678901234567890</CnsmrSeqNo><TxnDt>1414100Y</TxnDt><TxnTm>123456</TxnTm><array><Ret><RetCd>89012</RetCd></Ret></array></SYS_HEAD><APP_HEAD><TlrNo>1234567890010510620 </TlrNo><array></array><array></array></APP_HEAD><BODY><BrchName>45678901234567890123456789012345678901234567890                 </BrchName></BODY></service>
2017-07-28 16:53:24 979 pool-1-thread-7 DEBUG com.invoker.ProtocolWriterInvoker.invoke (ProtocolWriterInvoker.java:65) - 写出的长度头为:546，报文为:
00000537<?xml version="1.0" encoding="UTF-8"?>
<service>
        <SYS_HEAD>
                <SvcCd>80021000001</SvcCd>
                <SvcScn>02</SvcScn>
		<SvcVer>123</SvcVer>
		<CnsmrSeqNo>5524</CnsmrSeqNo>
		<TlrNo>888</TlrNo>
		<TxnDt>AABB</TxnDt>
		<TxnTm>CCDD</TxnTm>
		<array>
                        <Ret>
                                <RetCd>111111</RetCd>
                        </Ret>
                </array>
        </SYS_HEAD>
        <APP_HEAD>
                
        </APP_HEAD>
        <BODY>
		
        </BODY>
</service>

2017-07-28 16:53:24 979 pool-1-thread-7 DEBUG com.frame.transaction.AbstractSystemTransaction.end (AbstractSystemTransaction.java:51) - 第46个接收的交易，所用处理时间为：1
2017-07-28 17:12:13 423 pool-1-thread-9 DEBUG com.invoker.ProtocolReaderInvoker.invoke (ProtocolReaderInvoker.java:70) - 读取的长度头为：，报文为：
<?xml version="1.0" encoding="UTF-8"?><service><SYS_HEAD><SvcCd> 5</SvcCd><SvcVer>21234</SvcVer><CnsmrSeqNo>12345678901234567890</CnsmrSeqNo><TxnDt>1414100Y</TxnDt><TxnTm>123456</TxnTm><array><Ret><RetCd>89012</RetCd></Ret></array></SYS_HEAD><APP_HEAD><TlrNo>1234567890010510620 </TlrNo><array></array><array></array></APP_HEAD><BODY><BrchName>null</BrchName></BODY></service>
2017-07-28 17:12:13 424 pool-1-thread-9 DEBUG com.invoker.ProtocolWriterInvoker.invoke (ProtocolWriterInvoker.java:65) - 写出的长度头为:546，报文为:
00000537<?xml version="1.0" encoding="UTF-8"?>
<service>
        <SYS_HEAD>
                <SvcCd>80021000001</SvcCd>
                <SvcScn>02</SvcScn>
		<SvcVer>123</SvcVer>
		<CnsmrSeqNo>5524</CnsmrSeqNo>
		<TlrNo>888</TlrNo>
		<TxnDt>AABB</TxnDt>
		<TxnTm>CCDD</TxnTm>
		<array>
                        <Ret>
                                <RetCd>111111</RetCd>
                        </Ret>
                </array>
        </SYS_HEAD>
        <APP_HEAD>
                
        </APP_HEAD>
        <BODY>
		
        </BODY>
</service>

2017-07-28 17:12:13 425 pool-1-thread-9 DEBUG com.frame.transaction.AbstractSystemTransaction.end (AbstractSystemTransaction.java:51) - 第47个接收的交易，所用处理时间为：2
2017-07-28 17:15:13 333 pool-1-thread-1 DEBUG com.invoker.ProtocolReaderInvoker.invoke (ProtocolReaderInvoker.java:70) - 读取的长度头为：，报文为：
<?xml version="1.0" encoding="UTF-8"?><service><SYS_HEAD><SvcCd> 5</SvcCd><SvcVer>21234</SvcVer><CnsmrSeqNo>12345678901234567890</CnsmrSeqNo><TxnDt>1414100Y</TxnDt><TxnTm>123456</TxnTm><array><Ret><RetCd>89012</RetCd></Ret></array></SYS_HEAD><APP_HEAD><TlrNo>1234567890010510620 </TlrNo><array></array><array></array></APP_HEAD><BODY><BrchName>null</BrchName></BODY></service>
2017-07-28 17:15:13 334 pool-1-thread-1 DEBUG com.invoker.ProtocolWriterInvoker.invoke (ProtocolWriterInvoker.java:65) - 写出的长度头为:546，报文为:
00000537<?xml version="1.0" encoding="UTF-8"?>
<service>
        <SYS_HEAD>
                <SvcCd>80021000001</SvcCd>
                <SvcScn>02</SvcScn>
		<SvcVer>123</SvcVer>
		<CnsmrSeqNo>5524</CnsmrSeqNo>
		<TlrNo>888</TlrNo>
		<TxnDt>AABB</TxnDt>
		<TxnTm>CCDD</TxnTm>
		<array>
                        <Ret>
                                <RetCd>111111</RetCd>
                        </Ret>
                </array>
        </SYS_HEAD>
        <APP_HEAD>
                
        </APP_HEAD>
        <BODY>
		
        </BODY>
</service>

2017-07-28 17:15:13 334 pool-1-thread-1 DEBUG com.frame.transaction.AbstractSystemTransaction.end (AbstractSystemTransaction.java:51) - 第48个接收的交易，所用处理时间为：1
2017-07-28 17:18:31 512 pool-1-thread-3 DEBUG com.invoker.ProtocolReaderInvoker.invoke (ProtocolReaderInvoker.java:70) - 读取的长度头为：，报文为：
<?xml version="1.0" encoding="UTF-8"?><service><SYS_HEAD><SvcCd> 5</SvcCd><SvcVer>21234</SvcVer><CnsmrSeqNo>12345678901234567890</CnsmrSeqNo><TxnDt>1414100Y</TxnDt><TxnTm>123456</TxnTm><array><Ret><RetCd>89012</RetCd></Ret></array></SYS_HEAD><APP_HEAD><TlrNo>1234567890010510620 </TlrNo><array></array><array></array></APP_HEAD><BODY><BrchName>null</BrchName></BODY></service>
2017-07-28 17:18:31 513 pool-1-thread-3 DEBUG com.invoker.ProtocolWriterInvoker.invoke (ProtocolWriterInvoker.java:65) - 写出的长度头为:546，报文为:
00000537<?xml version="1.0" encoding="UTF-8"?>
<service>
        <SYS_HEAD>
                <SvcCd>80021000001</SvcCd>
                <SvcScn>02</SvcScn>
		<SvcVer>123</SvcVer>
		<CnsmrSeqNo>5524</CnsmrSeqNo>
		<TlrNo>888</TlrNo>
		<TxnDt>AABB</TxnDt>
		<TxnTm>CCDD</TxnTm>
		<array>
                        <Ret>
                                <RetCd>111111</RetCd>
                        </Ret>
                </array>
        </SYS_HEAD>
        <APP_HEAD>
                
        </APP_HEAD>
        <BODY>
		
        </BODY>
</service>

2017-07-28 17:18:31 513 pool-1-thread-3 DEBUG com.frame.transaction.AbstractSystemTransaction.end (AbstractSystemTransaction.java:51) - 第49个接收的交易，所用处理时间为：1
2017-07-28 17:19:40 783 pool-1-thread-5 DEBUG com.invoker.ProtocolReaderInvoker.invoke (ProtocolReaderInvoker.java:70) - 读取的长度头为：，报文为：
<?xml version="1.0" encoding="UTF-8"?><service><SYS_HEAD><SvcCd> 5</SvcCd><SvcVer>21234</SvcVer><CnsmrSeqNo>12345678901234567890</CnsmrSeqNo><TxnDt>1414100Y</TxnDt><TxnTm>123456</TxnTm><array><Ret><RetCd>89012</RetCd></Ret></array></SYS_HEAD><APP_HEAD><TlrNo>1234567890010510620 </TlrNo><array></array><array></array></APP_HEAD><BODY><BrchName>null</BrchName></BODY></service>
2017-07-28 17:19:40 784 pool-1-thread-5 DEBUG com.invoker.ProtocolWriterInvoker.invoke (ProtocolWriterInvoker.java:65) - 写出的长度头为:546，报文为:
00000537<?xml version="1.0" encoding="UTF-8"?>
<service>
        <SYS_HEAD>
                <SvcCd>80021000001</SvcCd>
                <SvcScn>02</SvcScn>
		<SvcVer>123</SvcVer>
		<CnsmrSeqNo>5524</CnsmrSeqNo>
		<TlrNo>888</TlrNo>
		<TxnDt>AABB</TxnDt>
		<TxnTm>CCDD</TxnTm>
		<array>
                        <Ret>
                                <RetCd>111111</RetCd>
                        </Ret>
                </array>
        </SYS_HEAD>
        <APP_HEAD>
                
        </APP_HEAD>
        <BODY>
		
        </BODY>
</service>

2017-07-28 17:19:40 784 pool-1-thread-5 DEBUG com.frame.transaction.AbstractSystemTransaction.end (AbstractSystemTransaction.java:51) - 第50个接收的交易，所用处理时间为：1
2017-07-28 17:23:38 050 pool-1-thread-7 DEBUG com.invoker.ProtocolReaderInvoker.invoke (ProtocolReaderInvoker.java:70) - 读取的长度头为：，报文为：
<?xml version="1.0" encoding="UTF-8"?><service><SYS_HEAD><SvcCd> 5</SvcCd><SvcVer>21234</SvcVer><CnsmrSeqNo>12345678901234567890</CnsmrSeqNo><TxnDt>1414100Y</TxnDt><TxnTm>123456</TxnTm><array><Ret><RetCd>89012</RetCd></Ret></array></SYS_HEAD><APP_HEAD><TlrNo>1234567890010510620 </TlrNo><array></array><array></array></APP_HEAD><BODY><BrchName>null</BrchName></BODY></service>
2017-07-28 17:23:38 051 pool-1-thread-7 DEBUG com.invoker.ProtocolWriterInvoker.invoke (ProtocolWriterInvoker.java:65) - 写出的长度头为:546，报文为:
00000537<?xml version="1.0" encoding="UTF-8"?>
<service>
        <SYS_HEAD>
                <SvcCd>80021000001</SvcCd>
                <SvcScn>02</SvcScn>
		<SvcVer>123</SvcVer>
		<CnsmrSeqNo>5524</CnsmrSeqNo>
		<TlrNo>888</TlrNo>
		<TxnDt>AABB</TxnDt>
		<TxnTm>CCDD</TxnTm>
		<array>
                        <Ret>
                                <RetCd>111111</RetCd>
                        </Ret>
                </array>
        </SYS_HEAD>
        <APP_HEAD>
                
        </APP_HEAD>
        <BODY>
		
        </BODY>
</service>

2017-07-28 17:23:38 051 pool-1-thread-7 DEBUG com.frame.transaction.AbstractSystemTransaction.end (AbstractSystemTransaction.java:51) - 第51个接收的交易，所用处理时间为：1
2017-07-28 17:32:09 755 pool-1-thread-9 DEBUG com.invoker.ProtocolReaderInvoker.invoke (ProtocolReaderInvoker.java:70) - 读取的长度头为：，报文为：
<?xml version="1.0" encoding="UTF-8"?><service><SYS_HEAD><SvcCd> 5</SvcCd><SvcVer>21234</SvcVer><CnsmrSeqNo>12345678901234567890</CnsmrSeqNo><TxnDt>1414100Y</TxnDt><TxnTm>123456</TxnTm><array><Ret><RetCd>89012</RetCd></Ret></array></SYS_HEAD><APP_HEAD><TlrNo>1234567890010510620 </TlrNo><array></array><array></array></APP_HEAD><BODY><BrchName>null</BrchName></BODY></service>
2017-07-28 17:32:09 756 pool-1-thread-9 DEBUG com.invoker.ProtocolWriterInvoker.invoke (ProtocolWriterInvoker.java:65) - 写出的长度头为:546，报文为:
00000537<?xml version="1.0" encoding="UTF-8"?>
<service>
        <SYS_HEAD>
                <SvcCd>80021000001</SvcCd>
                <SvcScn>02</SvcScn>
		<SvcVer>123</SvcVer>
		<CnsmrSeqNo>5524</CnsmrSeqNo>
		<TlrNo>888</TlrNo>
		<TxnDt>AABB</TxnDt>
		<TxnTm>CCDD</TxnTm>
		<array>
                        <Ret>
                                <RetCd>111111</RetCd>
                        </Ret>
                </array>
        </SYS_HEAD>
        <APP_HEAD>
                
        </APP_HEAD>
        <BODY>
		
        </BODY>
</service>

2017-07-28 17:32:09 757 pool-1-thread-9 DEBUG com.frame.transaction.AbstractSystemTransaction.end (AbstractSystemTransaction.java:51) - 第52个接收的交易，所用处理时间为：2
2017-07-28 17:33:20 618 pool-1-thread-1 DEBUG com.invoker.ProtocolReaderInvoker.invoke (ProtocolReaderInvoker.java:70) - 读取的长度头为：，报文为：
<?xml version="1.0" encoding="UTF-8"?><service><SYS_HEAD><SvcCd> 5</SvcCd><SvcVer>21234</SvcVer><CnsmrSeqNo>12345678901234567890</CnsmrSeqNo><TxnDt>1414100Y</TxnDt><TxnTm>123456</TxnTm><array><Ret><RetCd>89012</RetCd></Ret></array></SYS_HEAD><APP_HEAD><TlrNo>1234567890010510620 </TlrNo><array></array><array></array></APP_HEAD><BODY><BrchName>null</BrchName></BODY></service>
2017-07-28 17:33:20 619 pool-1-thread-1 DEBUG com.invoker.ProtocolWriterInvoker.invoke (ProtocolWriterInvoker.java:65) - 写出的长度头为:546，报文为:
00000537<?xml version="1.0" encoding="UTF-8"?>
<service>
        <SYS_HEAD>
                <SvcCd>80021000001</SvcCd>
                <SvcScn>02</SvcScn>
		<SvcVer>123</SvcVer>
		<CnsmrSeqNo>5524</CnsmrSeqNo>
		<TlrNo>888</TlrNo>
		<TxnDt>AABB</TxnDt>
		<TxnTm>CCDD</TxnTm>
		<array>
                        <Ret>
                                <RetCd>111111</RetCd>
                        </Ret>
                </array>
        </SYS_HEAD>
        <APP_HEAD>
                
        </APP_HEAD>
        <BODY>
		
        </BODY>
</service>

2017-07-28 17:33:20 619 pool-1-thread-1 DEBUG com.frame.transaction.AbstractSystemTransaction.end (AbstractSystemTransaction.java:51) - 第53个接收的交易，所用处理时间为：1
2017-07-28 17:36:25 209 pool-1-thread-3 DEBUG com.invoker.ProtocolReaderInvoker.invoke (ProtocolReaderInvoker.java:70) - 读取的长度头为：，报文为：
<?xml version="1.0" encoding="UTF-8"?><service><SYS_HEAD><SvcCd> 5</SvcCd><SvcVer>21234</SvcVer><CnsmrSeqNo>12345678901234567890</CnsmrSeqNo><TxnDt>1414100Y</TxnDt><TxnTm>123456</TxnTm><array><Ret><RetCd>89012</RetCd></Ret></array></SYS_HEAD><APP_HEAD><TlrNo>1234567890010510620 </TlrNo><array></array><array></array></APP_HEAD><BODY><BrchName>45678901234567890123456789012345678901234567890</BrchName></BODY></service>
2017-07-28 17:36:25 210 pool-1-thread-3 DEBUG com.invoker.ProtocolWriterInvoker.invoke (ProtocolWriterInvoker.java:65) - 写出的长度头为:546，报文为:
00000537<?xml version="1.0" encoding="UTF-8"?>
<service>
        <SYS_HEAD>
                <SvcCd>80021000001</SvcCd>
                <SvcScn>02</SvcScn>
		<SvcVer>123</SvcVer>
		<CnsmrSeqNo>5524</CnsmrSeqNo>
		<TlrNo>888</TlrNo>
		<TxnDt>AABB</TxnDt>
		<TxnTm>CCDD</TxnTm>
		<array>
                        <Ret>
                                <RetCd>111111</RetCd>
                        </Ret>
                </array>
        </SYS_HEAD>
        <APP_HEAD>
                
        </APP_HEAD>
        <BODY>
		
        </BODY>
</service>

2017-07-28 17:36:25 210 pool-1-thread-3 DEBUG com.frame.transaction.AbstractSystemTransaction.end (AbstractSystemTransaction.java:51) - 第54个接收的交易，所用处理时间为：1
2017-07-28 17:54:43 034 pool-1-thread-5 DEBUG com.invoker.ProtocolReaderInvoker.invoke (ProtocolReaderInvoker.java:70) - 读取的长度头为：，报文为：
<?xml version="1.0" encoding="UTF-8"?><service><SYS_HEAD><SvcCd> 5</SvcCd><SvcVer>21234</SvcVer><CnsmrSeqNo>12345678901234567890</CnsmrSeqNo><TxnDt>1414100Y</TxnDt><TxnTm>123456</TxnTm><array><Ret><RetCd>89012</RetCd></Ret></array></SYS_HEAD><APP_HEAD><TlrNo>1234567890010510620 </TlrNo><array></array><array></array></APP_HEAD><BODY><BrchName>45678901234567890123456789012345678901234567890</BrchName></BODY></service>
2017-07-28 17:54:43 035 pool-1-thread-5 DEBUG com.invoker.ProtocolWriterInvoker.invoke (ProtocolWriterInvoker.java:65) - 写出的长度头为:546，报文为:
00000537<?xml version="1.0" encoding="UTF-8"?>
<service>
        <SYS_HEAD>
                <SvcCd>80021000001</SvcCd>
                <SvcScn>02</SvcScn>
		<SvcVer>123</SvcVer>
		<CnsmrSeqNo>5524</CnsmrSeqNo>
		<TlrNo>888</TlrNo>
		<TxnDt>AABB</TxnDt>
		<TxnTm>CCDD</TxnTm>
		<array>
                        <Ret>
                                <RetCd>111111</RetCd>
                        </Ret>
                </array>
        </SYS_HEAD>
        <APP_HEAD>
                
        </APP_HEAD>
        <BODY>
		
        </BODY>
</service>

2017-07-28 17:54:43 035 pool-1-thread-5 DEBUG com.frame.transaction.AbstractSystemTransaction.end (AbstractSystemTransaction.java:51) - 第55个接收的交易，所用处理时间为：1
2017-07-28 17:54:47 433 pool-1-thread-6 DEBUG com.invoker.ProtocolReaderInvoker.invoke (ProtocolReaderInvoker.java:70) - 读取的长度头为：，报文为：
<?xml version="1.0" encoding="UTF-8"?><service><SYS_HEAD><SvcCd> 5</SvcCd><SvcVer>21234</SvcVer><CnsmrSeqNo>12345678901234567890</CnsmrSeqNo><TxnDt>1414100Y</TxnDt><TxnTm>123456</TxnTm><array><Ret><RetCd>89012</RetCd></Ret></array></SYS_HEAD><APP_HEAD><TlrNo>1234567890010510620 </TlrNo><array></array><array></array></APP_HEAD><BODY><BrchName>45678901234567890123456789012345678901234567890</BrchName></BODY></service>
2017-07-28 17:54:47 434 pool-1-thread-6 DEBUG com.invoker.ProtocolWriterInvoker.invoke (ProtocolWriterInvoker.java:65) - 写出的长度头为:546，报文为:
00000537<?xml version="1.0" encoding="UTF-8"?>
<service>
        <SYS_HEAD>
                <SvcCd>80021000001</SvcCd>
                <SvcScn>02</SvcScn>
		<SvcVer>123</SvcVer>
		<CnsmrSeqNo>5524</CnsmrSeqNo>
		<TlrNo>888</TlrNo>
		<TxnDt>AABB</TxnDt>
		<TxnTm>CCDD</TxnTm>
		<array>
                        <Ret>
                                <RetCd>111111</RetCd>
                        </Ret>
                </array>
        </SYS_HEAD>
        <APP_HEAD>
                
        </APP_HEAD>
        <BODY>
		
        </BODY>
</service>

2017-07-28 17:54:47 435 pool-1-thread-6 DEBUG com.frame.transaction.AbstractSystemTransaction.end (AbstractSystemTransaction.java:51) - 第56个接收的交易，所用处理时间为：2
2017-07-28 17:55:14 705 pool-1-thread-8 DEBUG com.invoker.ProtocolReaderInvoker.invoke (ProtocolReaderInvoker.java:70) - 读取的长度头为：，报文为：
<?xml version="1.0" encoding="UTF-8"?><service><SYS_HEAD><SvcCd> 5</SvcCd><SvcVer>21234</SvcVer><CnsmrSeqNo>12345678901234567890</CnsmrSeqNo><TxnDt>1414100Y</TxnDt><TxnTm>123456</TxnTm><array><Ret><RetCd>89012</RetCd></Ret></array></SYS_HEAD><APP_HEAD><TlrNo>1234567890010510620 </TlrNo><array></array><array></array></APP_HEAD><BODY><BrchName>45678901234567890123456789012345678901234567890</BrchName></BODY></service>
2017-07-28 17:55:14 706 pool-1-thread-8 DEBUG com.invoker.ProtocolWriterInvoker.invoke (ProtocolWriterInvoker.java:65) - 写出的长度头为:546，报文为:
00000537<?xml version="1.0" encoding="UTF-8"?>
<service>
        <SYS_HEAD>
                <SvcCd>80021000001</SvcCd>
                <SvcScn>02</SvcScn>
		<SvcVer>123</SvcVer>
		<CnsmrSeqNo>5524</CnsmrSeqNo>
		<TlrNo>888</TlrNo>
		<TxnDt>AABB</TxnDt>
		<TxnTm>CCDD</TxnTm>
		<array>
                        <Ret>
                                <RetCd>000000</RetCd>
                        </Ret>
                </array>
        </SYS_HEAD>
        <APP_HEAD>
                
        </APP_HEAD>
        <BODY>
		
        </BODY>
</service>

2017-07-28 17:55:14 707 pool-1-thread-8 DEBUG com.frame.transaction.AbstractSystemTransaction.end (AbstractSystemTransaction.java:51) - 第57个接收的交易，所用处理时间为：2
